<?xml version="1.0" encoding="UTF-8"?>
<coverage generated="1518724731">
  <project timestamp="1518724731">
    <package name="Photogabble\ConfusableHomoglyphs">
      <file name="H:\Simon\Documents\Projects\php-confusable-homoglyphs\src/Categories.php">
        <class name="Photogabble\ConfusableHomoglyphs\Categories" namespace="Photogabble\ConfusableHomoglyphs">
          <metrics complexity="12" methods="5" coveredmethods="3" conditionals="0" coveredconditionals="0" statements="29" coveredstatements="27" elements="34" coveredelements="30"/>
        </class>
        <line num="30" type="method" name="__construct" visibility="public" complexity="3" crap="3.03" count="7"/>
        <line num="32" type="stmt" count="7"/>
        <line num="33" type="stmt" count="7"/>
        <line num="36" type="stmt" count="7"/>
        <line num="37" type="stmt" count="0"/>
        <line num="40" type="stmt" count="7"/>
        <line num="41" type="stmt" count="7"/>
        <line num="42" type="stmt" count="7"/>
        <line num="56" type="method" name="aliasesCategories" visibility="public" complexity="4" crap="4.01" count="7"/>
        <line num="58" type="stmt" count="7"/>
        <line num="59" type="stmt" count="7"/>
        <line num="60" type="stmt" count="7"/>
        <line num="63" type="stmt" count="7"/>
        <line num="64" type="stmt" count="7"/>
        <line num="65" type="stmt" count="7"/>
        <line num="66" type="stmt" count="7"/>
        <line num="67" type="stmt" count="7"/>
        <line num="68" type="stmt" count="7"/>
        <line num="71" type="stmt" count="7"/>
        <line num="72" type="stmt" count="7"/>
        <line num="77" type="stmt" count="0"/>
        <line num="92" type="method" name="alias" visibility="public" complexity="1" crap="1" count="6"/>
        <line num="94" type="stmt" count="6"/>
        <line num="95" type="stmt" count="6"/>
        <line num="110" type="method" name="category" visibility="public" complexity="1" crap="1" count="2"/>
        <line num="112" type="stmt" count="2"/>
        <line num="113" type="stmt" count="2"/>
        <line num="127" type="method" name="uniqueAliases" visibility="public" complexity="3" crap="3" count="3"/>
        <line num="129" type="stmt" count="3"/>
        <line num="130" type="stmt" count="3"/>
        <line num="131" type="stmt" count="3"/>
        <line num="132" type="stmt" count="3"/>
        <line num="133" type="stmt" count="3"/>
        <line num="136" type="stmt" count="3"/>
        <metrics loc="137" ncloc="69" classes="1" methods="5" coveredmethods="3" conditionals="0" coveredconditionals="0" statements="29" coveredstatements="27" elements="34" coveredelements="30"/>
      </file>
      <file name="H:\Simon\Documents\Projects\php-confusable-homoglyphs\src/Confusable.php">
        <class name="Photogabble\ConfusableHomoglyphs\Confusable" namespace="Photogabble\ConfusableHomoglyphs">
          <metrics complexity="22" methods="5" coveredmethods="4" conditionals="0" coveredconditionals="0" statements="15" coveredstatements="14" elements="20" coveredelements="18"/>
        </class>
        <line num="37" type="method" name="__construct" visibility="public" complexity="3" crap="3.02" count="3"/>
        <line num="39" type="stmt" count="3"/>
        <line num="40" type="stmt" count="3"/>
        <line num="43" type="stmt" count="3"/>
        <line num="44" type="stmt" count="0"/>
        <line num="47" type="stmt" count="3"/>
        <line num="48" type="stmt" count="3"/>
        <line num="49" type="stmt" count="3"/>
        <line num="50" type="stmt" count="3"/>
        <line num="72" type="method" name="anonymousFunction:72#204" complexity="1" crap="1" count="2"/>
        <line num="73" type="stmt" count="2"/>
        <line num="74" type="stmt" count="2"/>
        <line num="76" type="method" name="anonymousFunction:76#247" complexity="1" crap="1" count="2"/>
        <line num="77" type="stmt" count="2"/>
        <line num="78" type="stmt" count="2"/>
        <line num="80" type="stmt" count="2"/>
        <line num="126" type="method" name="anonymousFunction:126#331" complexity="1" crap="1" count="2"/>
        <line num="127" type="stmt" count="2"/>
        <line num="128" type="stmt" count="2"/>
        <line num="130" type="stmt" count="2"/>
        <line num="131" type="stmt" count="2"/>
        <line num="133" type="stmt" count="2"/>
        <line num="134" type="stmt" count="2"/>
        <line num="135" type="stmt" count="2"/>
        <line num="137" type="stmt" count="2"/>
        <line num="139" type="stmt" count="2"/>
        <line num="140" type="stmt" count="2"/>
        <line num="143" type="stmt" count="2"/>
        <line num="148" type="stmt" count="2"/>
        <line num="154" type="stmt" count="2"/>
        <line num="155" type="stmt" count="2"/>
        <line num="156" type="stmt" count="2"/>
        <line num="157" type="stmt" count="2"/>
        <line num="159" type="stmt" count="2"/>
        <line num="160" type="stmt" count="2"/>
        <line num="163" type="stmt" count="2"/>
        <line num="164" type="stmt" count="2"/>
        <line num="165" type="stmt" count="1"/>
        <line num="166" type="stmt" count="2"/>
        <line num="172" type="stmt" count="2"/>
        <line num="175" type="stmt" count="2"/>
        <line num="179" type="stmt" count="2"/>
        <line num="180" type="stmt" count="2"/>
        <line num="181" type="stmt" count="2"/>
        <line num="183" type="stmt" count="2"/>
        <line num="184" type="stmt" count="2"/>
        <line num="186" type="stmt" count="2"/>
        <line num="190" type="stmt" count="2"/>
        <line num="191" type="stmt" count="2"/>
        <line num="194" type="stmt" count="1"/>
        <line num="216" type="method" name="isDangerous" visibility="public" complexity="2" crap="2" count="1"/>
        <line num="218" type="stmt" count="1"/>
        <metrics loc="220" ncloc="101" classes="1" methods="5" coveredmethods="4" conditionals="0" coveredconditionals="0" statements="47" coveredstatements="46" elements="52" coveredelements="50"/>
      </file>
    </package>
    <file name="H:\Simon\Documents\Projects\php-confusable-homoglyphs\src/helpers.php">
      <line num="15" type="stmt" count="0"/>
      <line num="16" type="stmt" count="0"/>
      <line num="17" type="stmt" count="0"/>
      <line num="19" type="stmt" count="0"/>
      <metrics loc="21" ncloc="11" classes="0" methods="0" coveredmethods="0" conditionals="0" coveredconditionals="0" statements="4" coveredstatements="0" elements="4" coveredelements="0"/>
    </file>
    <metrics files="3" loc="378" ncloc="181" classes="2" methods="10" coveredmethods="7" conditionals="0" coveredconditionals="0" statements="80" coveredstatements="73" elements="90" coveredelements="80"/>
  </project>
</coverage>
